2025-01-09 06:09:31 [info]: Server läuft auf 5001
2025-01-09 06:09:48 [info]: Wurzel Route aufgerufen
2025-01-09 06:10:04 [info]: Hallo Welt Route aufgerufen
2025-01-09 06:10:10 [info]: Bye Route aufgerufen
2025-01-09 06:40:00 [info]: Wurzel Route aufgerufen
2025-01-09 06:40:02 [info]: Wurzel Route aufgerufen
2025-01-09 06:40:03 [info]: Wurzel Route aufgerufen
2025-01-09 06:40:08 [info]: Hallo Welt Route aufgerufen
2025-01-09 07:10:47 [info]: Hallo Welt Route aufgerufen
2025-01-09 07:10:50 [info]: Wurzel Route aufgerufen
2025-01-09 07:10:52 [info]: Hallo Welt Route aufgerufen
2025-01-09 13:09:59 [info]: Server läuft auf 5001
2025-01-09 13:10:05 [info]: Hallo Welt Route aufgerufen
2025-01-09 13:24:18 [info]: Hallo Welt Route aufgerufen
2025-01-09 13:24:19 [info]: Hallo Welt Route aufgerufen
2025-01-09 15:03:04 [info]: Server läuft auf 5001
2025-01-09 15:03:32 [info]: Hallo Welt Route aufgerufen
2025-01-09 15:03:32 [info]: Hallo Welt Route aufgerufen
2025-01-09 15:03:33 [info]: Hallo Welt Route aufgerufen
2025-01-09 15:03:49 [info]: Bye Route aufgerufen
2025-01-10 11:34:23 [info]: Server läuft auf 5001
2025-01-10 12:15:21 [info]: Wurzel Route aufgerufen
2025-01-10 12:15:21 [info]: Wurzel Route aufgerufen
2025-01-10 12:46:33 [info]: Wurzel Route aufgerufen
2025-01-10 12:46:33 [info]: Wurzel Route aufgerufen
2025-01-10 13:38:51 [info]: Server läuft auf 5001
2025-01-10 13:40:46 [info]: Wurzel Route aufgerufen
2025-01-10 13:40:46 [info]: Wurzel Route aufgerufen
2025-01-10 13:43:51 [error]: Seite Nicht Erreichbar: Route/error
2025-01-10 13:43:53 [error]: Seite Nicht Erreichbar: Route/error
2025-01-10 13:43:54 [error]: Seite Nicht Erreichbar: Route/error
2025-01-10 13:49:55 [info]: Server läuft auf 5001
2025-01-10 13:50:23 [error]: Seite Nicht Erreichbar: Route/error
2025-01-10 13:50:24 [error]: Seite Nicht Erreichbar: Route/error
